<?xml version="1.0" encoding="UTF-8" standalone="no"?>
<beans xmlns="http://www.springframework.org/schema/beans"
	xmlns:xsi="http://www.w3.org/2001/XMLSchema-instance"
	xmlns:context="http://www.springframework.org/schema/context"
	xmlns:mvc="http://www.springframework.org/schema/mvc"
	xmlns:p="http://www.springframework.org/schema/p"
	xsi:schemaLocation="http://www.springframework.org/schema/mvc http://www.springframework.org/schema/mvc/spring-mvc-4.0.xsd
		http://www.springframework.org/schema/beans http://www.springframework.org/schema/beans/spring-beans-4.0.xsd
		http://www.springframework.org/schema/context http://www.springframework.org/schema/context/spring-context-4.0.xsd">

	<!-- 启动包扫描, 用注解的方式管理Spring Bean -->
	<context:component-scan base-package="com.test">
		<context:include-filter type="annotation" expression="org.springframework.stereotype.Controller"/>
		<context:exclude-filter type="annotation" expression="org.springframework.stereotype.Service"/>
	</context:component-scan>
	
	<!-- 开启注解驱动的spring mvc功能，注册请求url和注解POJO类方法的映射 -->
	<mvc:annotation-driven>
		<mvc:message-converters register-defaults="true">
			<bean class="org.springframework.http.converter.json.MappingJackson2HttpMessageConverter">
				<property name="objectMapper">
					<bean class="org.springframework.http.converter.json.Jackson2ObjectMapperFactoryBean"
						p:failOnEmptyBeans="false">
						<property name="serializationInclusion">
							<value type="com.fasterxml.jackson.annotation.JsonInclude.Include">NON_NULL</value>
						</property>
					</bean>
				</property>
			</bean>
		</mvc:message-converters>
	</mvc:annotation-driven>
	
	<!-- 配置视图解析器 -->
	<bean class="org.springframework.web.servlet.view.ContentNegotiatingViewResolver">
		<property name="viewResolvers">
			<list>
				<bean class="org.springframework.web.servlet.view.BeanNameViewResolver"/>
<!-- 				<bean class="org.springframework.web.servlet.view.InternalResourceViewResolver"> -->
<!-- 					<property name="viewClass" value="org.springframework.web.servlet.view.JstlView"></property> -->
<!-- 					<property name="prefix" value="/WEB-INF/views/"></property> -->
<!-- 					<property name="suffix" value=".jsp"></property> -->
<!-- 				</bean> -->
			</list>
		</property>
		<property name="defaultViews">
			<list>
				<bean class="org.springframework.web.servlet.view.json.MappingJackson2JsonView"/>
			</list>
		</property>
	</bean>
	
	<!-- 注册拦截器 -->
<!-- 	<mvc:interceptors> -->
<!-- 		<mvc:interceptor> -->
<!-- 			<mvc:mapping path="/**/*"/> -->
<!-- 			<bean></bean> -->
<!-- 		</mvc:interceptor> -->
<!-- 	</mvc:interceptors> -->
	
	<mvc:resources location="/images/" mapping="/images/**"/>
	<mvc:resources location="/css/" mapping="/css/**"/>
	<mvc:resources location="/flash/" mapping="/flash/**"/>
	<mvc:resources location="/js/" mapping="/js/**"/>
	<mvc:resources location="/html/" mapping="/html/**"/>
	<mvc:resources location="/font/" mapping="/font/**"/>
	
	<bean id="multipartResolver" class="org.springframework.web.multipart.commons.CommonsMultipartResolver">
		<property name="defaultEncoding" value="UTF-8"/>
	</bean>

</beans>
